#
# There is insufficient memory for the Java Runtime Environment to continue.
# Native memory allocation (mmap) failed to map 402653184 bytes for G1 virtual space
# Possible reasons:
#   The system is out of physical RAM or swap space
#   The process is running with CompressedOops enabled, and the Java Heap may be blocking the growth of the native heap
# Possible solutions:
#   Reduce memory load on the system
#   Increase physical memory or swap space
#   Check if swap backing store is full
#   Decrease Java heap size (-Xmx/-Xms)
#   Decrease number of Java threads
#   Decrease Java thread stack sizes (-Xss)
#   Set larger code cache with -XX:ReservedCodeCacheSize=
#   JVM is running with Zero Based Compressed Oops mode in which the Java heap is
#     placed in the first 32GB address space. The Java Heap base address is the
#     maximum limit for the native heap growth. Please use -XX:HeapBaseMinAddress
#     to set the Java Heap base and to place the Java Heap above 32GB virtual address.
# This output file may be truncated or incomplete.
#
#  Out of Memory Error (os_windows.cpp:3532), pid=27380, tid=1552
#
# JRE version:  (17.0.2+8) (build )
# Java VM: OpenJDK 64-Bit Server VM (17.0.2+8, mixed mode, sharing, tiered, compressed oops, compressed class ptrs, g1 gc, windows-amd64)
# No core dump will be written. Minidumps are not enabled by default on client versions of Windows
#

---------------  S U M M A R Y ------------

Command Line: -Dfile.encoding=Cp1252 -XX:+ShowCodeDetailsInExceptionMessages main.Main

Host: Intel(R) Core(TM) i5-7600K CPU @ 3.80GHz, 4 cores, 23G,  Windows 10 , 64 bit Build 19041 (10.0.19041.3155)
Time: Fri Jul 28 15:50:13 2023 GMT Summer Time elapsed time: 0.014833 seconds (0d 0h 0m 0s)

---------------  T H R E A D  ---------------

Current thread (0x000001aa3bc8c0f0):  JavaThread "Unknown thread" [_thread_in_vm, id=1552, stack(0x0000008924f00000,0x0000008925000000)]

Stack: [0x0000008924f00000,0x0000008925000000]
Native frames: (J=compiled Java code, j=interpreted, Vv=VM code, C=native code)
V  [jvm.dll+0x67564a]
V  [jvm.dll+0x82fc04]
V  [jvm.dll+0x8313ae]
V  [jvm.dll+0x831a13]
V  [jvm.dll+0x245235]
V  [jvm.dll+0x672539]
V  [jvm.dll+0x666e82]
V  [jvm.dll+0x30401b]
V  [jvm.dll+0x30b566]
V  [jvm.dll+0x35b1fe]
V  [jvm.dll+0x35b42f]
V  [jvm.dll+0x2daf58]
V  [jvm.dll+0x2dbec4]
V  [jvm.dll+0x801881]
V  [jvm.dll+0x368f81]
V  [jvm.dll+0x7e0cdc]
V  [jvm.dll+0x3eb8bf]
V  [jvm.dll+0x3ed441]
C  [jli.dll+0x5277]
C  [ucrtbase.dll+0x21bb2]
C  [KERNEL32.DLL+0x17614]
C  [ntdll.dll+0x526b1]


---------------  P R O C E S S  ---------------

Threads class SMR info:
_java_thread_list=0x00007ffb1d485e98, length=0, elements={
}

Java Threads: ( => current thread )

Other Threads:
  0x000001aa3bcee010 GCTaskThread "GC Thread#0" [stack: 0x0000008925000000,0x0000008925100000] [id=30204]
  0x000001aa3bcfade0 ConcurrentGCThread "G1 Main Marker" [stack: 0x0000008925100000,0x0000008925200000] [id=37172]
  0x000001aa3bcfb700 ConcurrentGCThread "G1 Conc#0" [stack: 0x0000008925200000,0x0000008925300000] [id=6672]

[error occurred during error reporting (printing all threads), id 0xc0000005, EXCEPTION_ACCESS_VIOLATION (0xc0000005) at pc=0x00007ffb1cc5b9d7]

VM state: not at safepoint (not fully initialized)

VM Mutex/Monitor currently owned by a thread:  ([mutex/lock_event])
[0x000001aa3bc77310] Heap_lock - owner thread: 0x000001aa3bc8c0f0

Heap address: 0x0000000681000000, size: 6128 MB, Compressed Oops mode: Zero based, Oop shift amount: 3

CDS archive(s) mapped at: [0x0000000000000000-0x0000000000000000-0x0000000000000000), size 0, SharedBaseAddress: 0x0000000800000000, ArchiveRelocationMode: 0.
Narrow klass base: 0x0000000000000000, Narrow klass shift: 0, Narrow klass range: 0x0

GC Precious Log:
<Empty>

Heap:
 garbage-first heap   total 0K, used 0K [0x0000000681000000, 0x0000000800000000)
  region size 4096K, 0 young (0K), 0 survivors (0K)

[error occurred during error reporting (printing heap information), id 0xc0000005, EXCEPTION_ACCESS_VIOLATION (0xc0000005) at pc=0x00007ffb1d03e899]

GC Heap History (0 events):
No events

Deoptimization events (0 events):
No events

Classes unloaded (0 events):
No events

Classes redefined (0 events):
No events

Internal exceptions (0 events):
No events

VM Operations (0 events):
No events

Events (1 events):
Event: 0.007 Loaded shared library C:\Users\kntjk\.p2\pool\plugins\org.eclipse.justj.openjdk.hotspot.jre.full.win32.x86_64_17.0.2.v20220201-1208\jre\bin\java.dll


Dynamic libraries:
0x00007ff621990000 - 0x00007ff62199e000 	C:\Users\kntjk\.p2\pool\plugins\org.eclipse.justj.openjdk.hotspot.jre.full.win32.x86_64_17.0.2.v20220201-1208\jre\bin\javaw.exe
0x00007ffb5ddd0000 - 0x00007ffb5dfc8000 	C:\WINDOWS\SYSTEM32\ntdll.dll
0x00007ffb5c810000 - 0x00007ffb5c8cf000 	C:\WINDOWS\System32\KERNEL32.DLL
0x00007ffb5b7b0000 - 0x00007ffb5baa6000 	C:\WINDOWS\System32\KERNELBASE.dll
0x00007ffb5b6b0000 - 0x00007ffb5b7b0000 	C:\WINDOWS\System32\ucrtbase.dll
0x00007ffb480d0000 - 0x00007ffb480e8000 	C:\Users\kntjk\.p2\pool\plugins\org.eclipse.justj.openjdk.hotspot.jre.full.win32.x86_64_17.0.2.v20220201-1208\jre\bin\jli.dll
0x00007ffb5c020000 - 0x00007ffb5c1bd000 	C:\WINDOWS\System32\USER32.dll
0x00007ffb5bce0000 - 0x00007ffb5bd02000 	C:\WINDOWS\System32\win32u.dll
0x00007ffb5d280000 - 0x00007ffb5d2ac000 	C:\WINDOWS\System32\GDI32.dll
0x00007ffb5bd10000 - 0x00007ffb5be25000 	C:\WINDOWS\System32\gdi32full.dll
0x00007ffb5b610000 - 0x00007ffb5b6ad000 	C:\WINDOWS\System32\msvcp_win.dll
0x00007ffb4a390000 - 0x00007ffb4a3a9000 	C:\Users\kntjk\.p2\pool\plugins\org.eclipse.justj.openjdk.hotspot.jre.full.win32.x86_64_17.0.2.v20220201-1208\jre\bin\VCRUNTIME140.dll
0x00007ffb50400000 - 0x00007ffb5069a000 	C:\WINDOWS\WinSxS\amd64_microsoft.windows.common-controls_6595b64144ccf1df_6.0.19041.1110_none_60b5254171f9507e\COMCTL32.dll
0x00007ffb5ca80000 - 0x00007ffb5cb1e000 	C:\WINDOWS\System32\msvcrt.dll
0x00007ffb5c1c0000 - 0x00007ffb5c1f0000 	C:\WINDOWS\System32\IMM32.DLL
0x00007ffb4a380000 - 0x00007ffb4a38c000 	C:\Users\kntjk\.p2\pool\plugins\org.eclipse.justj.openjdk.hotspot.jre.full.win32.x86_64_17.0.2.v20220201-1208\jre\bin\vcruntime140_1.dll
0x00007ffb303b0000 - 0x00007ffb30441000 	C:\Users\kntjk\.p2\pool\plugins\org.eclipse.justj.openjdk.hotspot.jre.full.win32.x86_64_17.0.2.v20220201-1208\jre\bin\msvcp140.dll
0x00007ffb1c970000 - 0x00007ffb1d5b7000 	C:\Users\kntjk\.p2\pool\plugins\org.eclipse.justj.openjdk.hotspot.jre.full.win32.x86_64_17.0.2.v20220201-1208\jre\bin\server\jvm.dll
0x00007ffb5d5c0000 - 0x00007ffb5d66f000 	C:\WINDOWS\System32\ADVAPI32.dll
0x00007ffb5be50000 - 0x00007ffb5beec000 	C:\WINDOWS\System32\sechost.dll
0x00007ffb5dc60000 - 0x00007ffb5dd86000 	C:\WINDOWS\System32\RPCRT4.dll
0x00007ffb5d4e0000 - 0x00007ffb5d4e8000 	C:\WINDOWS\System32\PSAPI.DLL
0x00007ffb4ba40000 - 0x00007ffb4ba67000 	C:\WINDOWS\SYSTEM32\WINMM.dll
0x00007ffb513b0000 - 0x00007ffb513b9000 	C:\WINDOWS\SYSTEM32\WSOCK32.dll
0x00007ffb55710000 - 0x00007ffb5571a000 	C:\WINDOWS\SYSTEM32\VERSION.dll
0x00007ffb5c670000 - 0x00007ffb5c6db000 	C:\WINDOWS\System32\WS2_32.dll
0x00007ffb59380000 - 0x00007ffb59392000 	C:\WINDOWS\SYSTEM32\kernel.appcore.dll
0x00007ffb51380000 - 0x00007ffb5138a000 	C:\Users\kntjk\.p2\pool\plugins\org.eclipse.justj.openjdk.hotspot.jre.full.win32.x86_64_17.0.2.v20220201-1208\jre\bin\jimage.dll
0x00007ffb53eb0000 - 0x00007ffb54094000 	C:\WINDOWS\SYSTEM32\DBGHELP.DLL
0x00007ffb53e70000 - 0x00007ffb53ea4000 	C:\WINDOWS\SYSTEM32\dbgcore.DLL
0x00007ffb5bc00000 - 0x00007ffb5bc82000 	C:\WINDOWS\System32\bcryptPrimitives.dll
0x00007ffb4a4b0000 - 0x00007ffb4a4d5000 	C:\Users\kntjk\.p2\pool\plugins\org.eclipse.justj.openjdk.hotspot.jre.full.win32.x86_64_17.0.2.v20220201-1208\jre\bin\java.dll

dbghelp: loaded successfully - version: 4.0.5 - missing functions: none
symbol engine: initialized successfully - sym options: 0x614 - pdb path: .;C:\Users\kntjk\.p2\pool\plugins\org.eclipse.justj.openjdk.hotspot.jre.full.win32.x86_64_17.0.2.v20220201-1208\jre\bin;C:\WINDOWS\SYSTEM32;C:\WINDOWS\WinSxS\amd64_microsoft.windows.common-controls_6595b64144ccf1df_6.0.19041.1110_none_60b5254171f9507e;C:\Users\kntjk\.p2\pool\plugins\org.eclipse.justj.openjdk.hotspot.jre.full.win32.x86_64_17.0.2.v20220201-1208\jre\bin\server

VM Arguments:
jvm_args: -Dfile.encoding=Cp1252 -XX:+ShowCodeDetailsInExceptionMessages 
java_command: main.Main
java_class_path (initial): C:\Users\kntjk\Desktop\uni\code\PacMan\bin
Launcher Type: SUN_STANDARD

[Global flags]
     intx CICompilerCount                          = 3                                         {product} {ergonomic}
     uint ConcGCThreads                            = 1                                         {product} {ergonomic}
     uint G1ConcRefinementThreads                  = 4                                         {product} {ergonomic}
   size_t G1HeapRegionSize                         = 4194304                                   {product} {ergonomic}
    uintx GCDrainStackTargetSize                   = 64                                        {product} {ergonomic}
   size_t InitialHeapSize                          = 402653184                                 {product} {ergonomic}
   size_t MarkStackSize                            = 4194304                                   {product} {ergonomic}
   size_t MaxHeapSize                              = 6425673728                                {product} {ergonomic}
   size_t MinHeapDeltaBytes                        = 4194304                                   {product} {ergonomic}
   size_t MinHeapSize                              = 8388608                                   {product} {ergonomic}
    uintx NonNMethodCodeHeapSize                   = 5832780                                {pd product} {ergonomic}
    uintx NonProfiledCodeHeapSize                  = 122912730                              {pd product} {ergonomic}
    uintx ProfiledCodeHeapSize                     = 122912730                              {pd product} {ergonomic}
    uintx ReservedCodeCacheSize                    = 251658240                              {pd product} {ergonomic}
     bool SegmentedCodeCache                       = true                                      {product} {ergonomic}
     bool ShowCodeDetailsInExceptionMessages       = true                                   {manageable} {command line}
   size_t SoftMaxHeapSize                          = 6425673728                             {manageable} {ergonomic}
     bool UseCompressedClassPointers               = true                           {product lp64_product} {ergonomic}
     bool UseCompressedOops                        = true                           {product lp64_product} {ergonomic}
     bool UseG1GC                                  = true                                      {product} {ergonomic}
     bool UseLargePagesIndividualAllocation        = false                                  {pd product} {ergonomic}

Logging:
Log output configuration:
 #0: stdout all=warning uptime,level,tags
 #1: stderr all=off uptime,level,tags

Environment Variables:
PATH=C:/Users/kntjk/.p2/pool/plugins/org.eclipse.justj.openjdk.hotspot.jre.full.win32.x86_64_17.0.2.v20220201-1208/jre/bin/server;C:/Users/kntjk/.p2/pool/plugins/org.eclipse.justj.openjdk.hotspot.jre.full.win32.x86_64_17.0.2.v20220201-1208/jre/bin;C:\Program Files (x86)\Common Files\Oracle\Java\javapath;C:\WINDOWS\system32;C:\WINDOWS;C:\WINDOWS\System32\Wbem;C:\WINDOWS\System32\WindowsPowerShell\v1.0\;C:\Program Files (x86)\Skype\Phone\;C:\Program Files (x86)\NVIDIA Corporation\PhysX\Common;C:\WINDOWS\System32\OpenSSH\;C:\Program Files\NVIDIA Corporation\NVIDIA NvDLISR;C:\WINDOWS\system32;C:\WINDOWS;C:\WINDOWS\System32\Wbem;C:\WINDOWS\System32\WindowsPowerShell\v1.0\;C:\WINDOWS\System32\OpenSSH\;C:\Program Files\Git\cmd;C:\Users\kntjk;;C:\Users\kntjk\AppData\Local\Microsoft\WindowsApps;C:\Users\kntjk\AppData\Local\Programs\Microsoft VS Code\bin;C:\WINDOWS\system32;
USERNAME=kntjk
OS=Windows_NT
PROCESSOR_IDENTIFIER=Intel64 Family 6 Model 158 Stepping 9, GenuineIntel



---------------  S Y S T E M  ---------------

OS:
 Windows 10 , 64 bit Build 19041 (10.0.19041.3155)
OS uptime: 15 days 22:13 hours

CPU: total 4 (initial active 4) (4 cores per cpu, 1 threads per core) family 6 model 158 stepping 9 microcode 0xb4, cx8, cmov, fxsr, mmx, 3dnowpref, sse, sse2, sse3, ssse3, sse4.1, sse4.2, popcnt, lzcnt, tsc, tscinvbit, avx, avx2, aes, erms, clmul, bmi1, bmi2, rtm, adx, fma, vzeroupper, clflush, clflushopt

Memory: 4k page, system-wide physical 24510M (13604M free)
TotalPageFile size 98238M (AvailPageFile size 240M)
current process WorkingSet (physical memory assigned to process): 10M, peak: 10M
current process commit charge ("private bytes"): 51M, peak: 435M

vm_info: OpenJDK 64-Bit Server VM (17.0.2+8) for windows-amd64 JRE (17.0.2+8), built on Jan 20 2022 04:52:34 by "" with MS VC++ 16.7 (VS2019)

END.
